{"C:\\Users\\ADMNI\\Downloads\\my_typescript_project_with_declarations\\my_typescript_project\\src\\index.ts": {"path":"C:\\Users\\ADMNI\\Downloads\\my_typescript_project_with_declarations\\my_typescript_project\\src\\index.ts","statementMap":{"0":{"start":{"line":2,"column":2},"end":{"line":2,"column":49}},"1":{"start":{"line":3,"column":2},"end":{"line":3,"column":43}},"2":{"start":{"line":1,"column":0},"end":{"line":1,"column":16}},"3":{"start":{"line":6,"column":0},"end":{"line":6,"column":17}}},"fnMap":{"0":{"name":"sampleFunction","decl":{"start":{"line":1,"column":16},"end":{"line":1,"column":30}},"loc":{"start":{"line":1,"column":30},"end":{"line":4,"column":1}}}},"branchMap":{},"s":{"0":2,"1":2,"2":1,"3":1},"f":{"0":2},"b":{}}
}
